2018-03-21T12:49:46Z	fluent.info	{"worker":0,"message":"fluentd worker is now running worker=0"}
2018-03-21T12:50:29Z	fluent.info	{"worker":0,"message":"fluentd worker is now stopping worker=0"}
2018-03-21T12:51:57Z	fluent.info	{"worker":0,"message":"fluentd worker is now running worker=0"}
2018-03-21T12:45:04Z	0b55f9572c24	{"container_name":"/radio_station","source":"stderr","log":"'2018-03-21 12:45:04,664 DEBUG Popen(['git', 'version'], cwd=/, universal_newlines=False, shell=None)'","container_id":"0b55f9572c2432c59dd50db15edc04868059885e5aae71340fca5d6e18e69205"}
2018-03-21T12:45:04Z	0b55f9572c24	{"log":"'2018-03-21 12:45:04,900 INFO RadioStation main got argv(list): ['-o', '/conf/rs_conf.json']'","container_id":"0b55f9572c2432c59dd50db15edc04868059885e5aae71340fca5d6e18e69205","container_name":"/radio_station","source":"stderr"}
2018-03-21T12:45:04Z	0b55f9572c24	{"container_name":"/radio_station","source":"stderr","log":"'2018-03-21 12:45:04,906 INFO Set RadioStationService IP: 127.0.0.1'","container_id":"0b55f9572c2432c59dd50db15edc04868059885e5aae71340fca5d6e18e69205"}
2018-03-21T12:45:04Z	0b55f9572c24	{"container_name":"/radio_station","source":"stdout","log":"try load configure from json file (/conf/rs_conf.json)","container_id":"0b55f9572c2432c59dd50db15edc04868059885e5aae71340fca5d6e18e69205"}
2018-03-21T12:45:04Z	0b55f9572c24	{"log":"'2018-03-21 12:45:04,933 INFO (Broadcast Process) Start.'","container_id":"0b55f9572c2432c59dd50db15edc04868059885e5aae71340fca5d6e18e69205","container_name":"/radio_station","source":"stderr"}
2018-03-21T12:45:04Z	0b55f9572c24	{"container_id":"0b55f9572c2432c59dd50db15edc04868059885e5aae71340fca5d6e18e69205","container_name":"/radio_station","source":"stderr","log":"'2018-03-21 12:45:04,935 DEBUG (Broadcast Process) Status, param() audience(0)'"}
2018-03-21T12:45:05Z	0b55f9572c24	{"container_name":"/radio_station","source":"stderr","log":"'2018-03-21 12:45:05,933 DEBUG wait start broadcast process....'","container_id":"0b55f9572c2432c59dd50db15edc04868059885e5aae71340fca5d6e18e69205"}
2018-03-21T12:45:05Z	0b55f9572c24	{"log":"'2018-03-21 12:45:05,936 DEBUG Broadcast Process start({\"result\": \"success\", \"Audience\": \"0\"})'","container_id":"0b55f9572c2432c59dd50db15edc04868059885e5aae71340fca5d6e18e69205","container_name":"/radio_station","source":"stderr"}
2018-03-21T12:45:05Z	0b55f9572c24	{"container_id":"0b55f9572c2432c59dd50db15edc04868059885e5aae71340fca5d6e18e69205","container_name":"/radio_station","source":"stderr","log":"'2018-03-21 12:45:05,937 DEBUG try to load channel management data from json file (/conf/channel_manage_data.json)'"}
2018-03-21T12:45:05Z	0b55f9572c24	{"source":"stderr","log":"'2018-03-21 12:45:05,948 INFO loading channel info : {'channel1': {'score_package': 'spritofwind/contract_sample'}}'","container_id":"0b55f9572c2432c59dd50db15edc04868059885e5aae71340fca5d6e18e69205","container_name":"/radio_station"}
2018-03-21T12:45:05Z	0b55f9572c24	{"container_id":"0b55f9572c2432c59dd50db15edc04868059885e5aae71340fca5d6e18e69205","container_name":"/radio_station","source":"stderr","log":"'2018-03-21 12:45:05,950 INFO Current RadioStation SECURITY_MODE : False'"}
2018-03-21T12:45:05Z	0b55f9572c24	{"container_id":"0b55f9572c2432c59dd50db15edc04868059885e5aae71340fca5d6e18e69205","container_name":"/radio_station","source":"stderr","log":"'2018-03-21 12:45:05,951 DEBUG before init order list {}'"}
2018-03-21T12:45:05Z	0b55f9572c24	{"container_id":"0b55f9572c2432c59dd50db15edc04868059885e5aae71340fca5d6e18e69205","container_name":"/radio_station","source":"stderr","log":"'2018-03-21 12:45:05,952 DEBUG init group: all_group_id'"}
2018-03-21T12:45:05Z	0b55f9572c24	{"log":"'2018-03-21 12:45:05,961 DEBUG Container run...'","container_id":"0b55f9572c2432c59dd50db15edc04868059885e5aae71340fca5d6e18e69205","container_name":"/radio_station","source":"stderr"}
2018-03-21T12:45:05Z	0b55f9572c24	{"container_name":"/radio_station","source":"stderr","log":"'2018-03-21 12:45:05,962 INFO Start peer service at port: 7102'","container_id":"0b55f9572c2432c59dd50db15edc04868059885e5aae71340fca5d6e18e69205"}
2018-03-21T12:45:05Z	0b55f9572c24	{"container_name":"/radio_station","source":"stderr","log":"'2018-03-21 12:45:05,968 INFO Start Radio Station start duration(0.01676343599999086)'","container_id":"0b55f9572c2432c59dd50db15edc04868059885e5aae71340fca5d6e18e69205"}
2018-03-21T12:45:05Z	0b55f9572c24	{"container_id":"0b55f9572c2432c59dd50db15edc04868059885e5aae71340fca5d6e18e69205","container_name":"/radio_station","source":"stderr","log":"'2018-03-21 12:45:05,968 DEBUG (util) get stub to server target: 127.0.0.1:7102'"}
2018-03-21T12:45:05Z	0b55f9572c24	{"container_name":"/radio_station","source":"stderr","log":"'2018-03-21 12:45:05,969 DEBUG (stub_manager) get stub to server target: 127.0.0.1:7102'","container_id":"0b55f9572c2432c59dd50db15edc04868059885e5aae71340fca5d6e18e69205"}
2018-03-21T12:45:05Z	0b55f9572c24	{"container_name":"/radio_station","source":"stderr","log":"'2018-03-21 12:45:05,971 INFO Server now listen: [::]:7102'","container_id":"0b55f9572c2432c59dd50db15edc04868059885e5aae71340fca5d6e18e69205"}
2018-03-21T12:45:05Z	0b55f9572c24	{"container_id":"0b55f9572c2432c59dd50db15edc04868059885e5aae71340fca5d6e18e69205","container_name":"/radio_station","source":"stderr","log":"'2018-03-21 12:45:05,973 INFO Server now listen: 127.0.0.1:17102'"}
2018-03-21T12:45:05Z	0b55f9572c24	{"source":"stderr","log":"'2018-03-21 12:45:05,976 DEBUG RadioStationService got request: code: 1","container_id":"0b55f9572c2432c59dd50db15edc04868059885e5aae71340fca5d6e18e69205","container_name":"/radio_station"}
2018-03-21T12:45:05Z	0b55f9572c24	{"container_name":"/radio_station","source":"stderr","log":"'","container_id":"0b55f9572c2432c59dd50db15edc04868059885e5aae71340fca5d6e18e69205"}
2018-03-21T12:45:05Z	0b55f9572c24	{"source":"stderr","log":"'2018-03-21 12:45:05,977 DEBUG RestServerRS run... 9002'","container_id":"0b55f9572c2432c59dd50db15edc04868059885e5aae71340fca5d6e18e69205","container_name":"/radio_station"}
2018-03-21T12:45:05Z	0b55f9572c24	{"container_id":"0b55f9572c2432c59dd50db15edc04868059885e5aae71340fca5d6e18e69205","container_name":"/radio_station","source":"stderr","log":"'2018-03-21 12:45:05,994 INFO  * Running on http://0.0.0.0:9002/ (Press CTRL+C to quit)'"}
2018-03-21T12:45:41Z	0b55f9572c24	{"container_id":"0b55f9572c2432c59dd50db15edc04868059885e5aae71340fca5d6e18e69205","container_name":"/radio_station","source":"stderr","log":"'2018-03-21 12:45:41,014 DEBUG (channel1) Leader Peer Count: (0)'"}
2018-03-21T12:46:13Z	0b55f9572c24	{"source":"stderr","log":"'2018-03-21 12:46:13,048 DEBUG (channel1) Leader Peer Count: (0)'","container_id":"0b55f9572c2432c59dd50db15edc04868059885e5aae71340fca5d6e18e69205","container_name":"/radio_station"}
